Using pre-set license
Built from '2021.3/staging' branch; Version is '2021.3.2f1 (d6360bedb9a0) revision 14038539'; Using compiler version '192829333'; Build Type 'Release'
OS: 'Windows 10  (10.0.19044) 64bit Professional' Language: 'en' Physical Memory: 16298 MB
BatchMode: 1, IsHumanControllingUs: 0, StartBugReporterOnCrash: 0, Is64bit: 1, IsPro: 1

COMMAND LINE ARGUMENTS:
C:\Program Files\Unity\Hub\Editor\2021.3.2f1\Editor\Unity.exe
-adb2
-batchMode
-noUpm
-name
AssetImportWorker1
-projectPath
C:/Users/Lucas/Documents/GitHub/The-Analogs/The Analogs
-logFile
Logs/AssetImportWorker1.log
-srvPort
57554
Successfully changed project path to: C:/Users/Lucas/Documents/GitHub/The-Analogs/The Analogs
C:/Users/Lucas/Documents/GitHub/The-Analogs/The Analogs
[UnityMemory] Configuration Parameters - Can be set up in boot.config
    "memorysetup-bucket-allocator-granularity=16"
    "memorysetup-bucket-allocator-bucket-count=8"
    "memorysetup-bucket-allocator-block-size=33554432"
    "memorysetup-bucket-allocator-block-count=8"
    "memorysetup-main-allocator-block-size=16777216"
    "memorysetup-thread-allocator-block-size=16777216"
    "memorysetup-gfx-main-allocator-block-size=16777216"
    "memorysetup-gfx-thread-allocator-block-size=16777216"
    "memorysetup-cache-allocator-block-size=4194304"
    "memorysetup-typetree-allocator-block-size=2097152"
    "memorysetup-profiler-bucket-allocator-granularity=16"
    "memorysetup-profiler-bucket-allocator-bucket-count=8"
    "memorysetup-profiler-bucket-allocator-block-size=33554432"
    "memorysetup-profiler-bucket-allocator-block-count=8"
    "memorysetup-profiler-allocator-block-size=16777216"
    "memorysetup-profiler-editor-allocator-block-size=1048576"
    "memorysetup-temp-allocator-size-main=16777216"
    "memorysetup-job-temp-allocator-block-size=2097152"
    "memorysetup-job-temp-allocator-block-size-background=1048576"
    "memorysetup-job-temp-allocator-reduction-small-platforms=262144"
    "memorysetup-temp-allocator-size-background-worker=32768"
    "memorysetup-temp-allocator-size-job-worker=262144"
    "memorysetup-temp-allocator-size-preload-manager=33554432"
    "memorysetup-temp-allocator-size-nav-mesh-worker=65536"
    "memorysetup-temp-allocator-size-audio-worker=65536"
    "memorysetup-temp-allocator-size-cloud-worker=32768"
    "memorysetup-temp-allocator-size-gi-baking-worker=262144"
    "memorysetup-temp-allocator-size-gfx=262144"
Refreshing native plugins compatible for Editor in 132.69 ms, found 8 plugins.
Preloading 0 native plugins for Editor in 0.00 ms.
Initialize engine version: 2021.3.2f1 (d6360bedb9a0)
[Subsystems] Discovering subsystems at path C:/Program Files/Unity/Hub/Editor/2021.3.2f1/Editor/Data/Resources/UnitySubsystems
[Subsystems] Discovering subsystems at path C:/Users/Lucas/Documents/GitHub/The-Analogs/The Analogs/Assets
GfxDevice: creating device client; threaded=0; jobified=0
Direct3D:
    Version:  Direct3D 11.0 [level 11.1]
    Renderer: NVIDIA GeForce GTX 1660 SUPER (ID=0x21c4)
    Vendor:   NVIDIA
    VRAM:     5991 MB
    Driver:   30.0.14.9729
Initialize mono
Mono path[0] = 'C:/Program Files/Unity/Hub/Editor/2021.3.2f1/Editor/Data/Managed'
Mono path[1] = 'C:/Program Files/Unity/Hub/Editor/2021.3.2f1/Editor/Data/MonoBleedingEdge/lib/mono/unityjit-win32'
Mono config path = 'C:/Program Files/Unity/Hub/Editor/2021.3.2f1/Editor/Data/MonoBleedingEdge/etc'
Using monoOptions --debugger-agent=transport=dt_socket,embedding=1,server=y,suspend=n,address=127.0.0.1:56592
Begin MonoManager ReloadAssembly
Registering precompiled unity dll's ...
Register platform support module: C:/Program Files/Unity/Hub/Editor/2021.3.2f1/Editor/Data/PlaybackEngines/AndroidPlayer/UnityEditor.Android.Extensions.dll
Register platform support module: C:/Program Files/Unity/Hub/Editor/2021.3.2f1/Editor/Data/PlaybackEngines/WindowsStandaloneSupport/UnityEditor.WindowsStandalone.Extensions.dll
Registered in 0.010832 seconds.
Native extension for WindowsStandalone target not found
Native extension for Android target not found
Refreshing native plugins compatible for Editor in 124.79 ms, found 8 plugins.
Preloading 0 native plugins for Editor in 0.00 ms.
Mono: successfully reloaded assembly
- Completed reload, in  0.631 seconds
Domain Reload Profiling:
	ReloadAssembly (632ms)
		BeginReloadAssembly (67ms)
			ExecutionOrderSort (0ms)
			DisableScriptedObjects (0ms)
			BackupInstance (0ms)
			ReleaseScriptingObjects (0ms)
			CreateAndSetChildDomain (1ms)
		EndReloadAssembly (450ms)
			LoadAssemblies (65ms)
			RebuildTransferFunctionScriptingTraits (0ms)
			SetupTypeCache (95ms)
			ReleaseScriptCaches (0ms)
			RebuildScriptCaches (22ms)
			SetupLoadedEditorAssemblies (287ms)
				LogAssemblyErrors (0ms)
				InitializePlatformSupportModulesInManaged (48ms)
				SetLoadedEditorAssemblies (0ms)
				RefreshPlugins (125ms)
				BeforeProcessingInitializeOnLoad (1ms)
				ProcessInitializeOnLoadAttributes (77ms)
				ProcessInitializeOnLoadMethodAttributes (35ms)
				AfterProcessingInitializeOnLoad (0ms)
				EditorAssembliesLoaded (0ms)
			ExecutionOrderSort2 (0ms)
			AwakeInstancesAfterBackupRestoration (0ms)
Platform modules already initialized, skipping
Registering precompiled user dll's ...
Registered in 0.011782 seconds.
Begin MonoManager ReloadAssembly
Symbol file LoadedFromMemory doesn't match image C:\Users\Lucas\Documents\GitHub\The-Analogs\The Analogs\Library\PackageCache\com.unity.visualscripting@1.7.6\Editor\VisualScripting.Core\Dependencies\DotNetZip\Unity.VisualScripting.IonicZip.dll
Symbol file LoadedFromMemory doesn't match image C:\Users\Lucas\Documents\GitHub\The-Analogs\The Analogs\Library\PackageCache\com.unity.visualscripting@1.7.6\Editor\VisualScripting.Core\Dependencies\YamlDotNet\Unity.VisualScripting.YamlDotNet.dll
Native extension for WindowsStandalone target not found
Native extension for Android target not found
Refreshing native plugins compatible for Editor in 128.86 ms, found 8 plugins.
Preloading 0 native plugins for Editor in 0.00 ms.
Package Manager log level set to [2]
Mono: successfully reloaded assembly
- Completed reload, in  1.505 seconds
Domain Reload Profiling:
	ReloadAssembly (1505ms)
		BeginReloadAssembly (209ms)
			ExecutionOrderSort (0ms)
			DisableScriptedObjects (5ms)
			BackupInstance (0ms)
			ReleaseScriptingObjects (0ms)
			CreateAndSetChildDomain (129ms)
		EndReloadAssembly (1184ms)
			LoadAssemblies (88ms)
			RebuildTransferFunctionScriptingTraits (0ms)
			SetupTypeCache (270ms)
			ReleaseScriptCaches (1ms)
			RebuildScriptCaches (66ms)
			SetupLoadedEditorAssemblies (717ms)
				LogAssemblyErrors (0ms)
				InitializePlatformSupportModulesInManaged (12ms)
				SetLoadedEditorAssemblies (0ms)
				RefreshPlugins (129ms)
				BeforeProcessingInitializeOnLoad (127ms)
				ProcessInitializeOnLoadAttributes (370ms)
				ProcessInitializeOnLoadMethodAttributes (69ms)
				AfterProcessingInitializeOnLoad (9ms)
				EditorAssembliesLoaded (0ms)
			ExecutionOrderSort2 (0ms)
			AwakeInstancesAfterBackupRestoration (4ms)
Platform modules already initialized, skipping
========================================================================
Worker process is ready to serve import requests
Launched and connected shader compiler UnityShaderCompiler.exe after 0.19 seconds
Refreshing native plugins compatible for Editor in 1.55 ms, found 8 plugins.
Preloading 0 native plugins for Editor in 0.00 ms.
Unloading 6725 Unused Serialized files (Serialized files now loaded: 0)
Unloading 78 unused Assets / (2.2 MB). Loaded Objects now: 7162.
Memory consumption went from 268.0 MB to 265.9 MB.
Total: 4.460100 ms (FindLiveObjects: 0.607700 ms CreateObjectMapping: 0.183500 ms MarkObjects: 3.103500 ms  DeleteObjects: 0.564400 ms)

AssetImportParameters requested are different than current active one (requested -> active):
  custom:video-decoder-ogg-theora: a1e56fd34408186e4bbccfd4996cb3dc -> 
  custom:container-muxer-webm: aa71ff27fc2769a1b78a27578f13a17b -> 
  custom:container-demuxer-webm: 4f35f7cbe854078d1ac9338744f61a02 -> 
  custom:video-encoder-webm-vp8: eb34c28f22e8b96e1ab97ce403110664 -> 
  custom:audio-encoder-webm-vorbis: bf7c407c2cedff20999df2af8eb42d56 -> 
  custom:framework-win-MediaFoundation: 216162199b28c13a410421893ffa2e32 -> 
  custom:container-demuxer-ogg: 62fdf1f143b41e24485cea50d1cbac27 -> 
  custom:video-decoder-webm-vp8: 9c59270c3fd7afecdb556c50c9e8de78 -> 
  custom:audio-decoder-ogg-vorbis: bf7c407c2cedff20999df2af8eb42d56 -> 
========================================================================
Received Import Request.
  Time since last request: 376751.860817 seconds.
  path: Assets/Packages/AutoHand/Examples/Mesh/hoop.dae
  artifactKey: Guid(b136c4d56a5e9c544bae56a43f78640e) Importer(815301076,1909f56bfc062723c751e8b465ee728b)
Start importing Assets/Packages/AutoHand/Examples/Mesh/hoop.dae using Guid(b136c4d56a5e9c544bae56a43f78640e) Importer(815301076,1909f56bfc062723c751e8b465ee728b)  -> (artifact id: '1dbb1d95121624d464fc5eada2ae555f') in 0.761275 seconds 
========================================================================
Received Import Request.
  Time since last request: 0.000039 seconds.
  path: Assets/Packages/AutoHand/Examples/Mesh/Lever2.fbx
  artifactKey: Guid(233f4b2ba2af7a54a9d9eba4ee1054ab) Importer(815301076,1909f56bfc062723c751e8b465ee728b)
Start importing Assets/Packages/AutoHand/Examples/Mesh/Lever2.fbx using Guid(233f4b2ba2af7a54a9d9eba4ee1054ab) Importer(815301076,1909f56bfc062723c751e8b465ee728b)  -> (artifact id: '7f868d404c26749c3d4e636d6bcb5ffc') in 1.271634 seconds 
========================================================================
Received Import Request.
  Time since last request: 0.000037 seconds.
  path: Assets/Packages/AutoHand/Examples/Mesh/sub.fbx
  artifactKey: Guid(46f7390b8a973f14db1682dc6a3600b1) Importer(815301076,1909f56bfc062723c751e8b465ee728b)
Start importing Assets/Packages/AutoHand/Examples/Mesh/sub.fbx using Guid(46f7390b8a973f14db1682dc6a3600b1) Importer(815301076,1909f56bfc062723c751e8b465ee728b)  -> (artifact id: '62475d7ada6384c0aee262179778d45f') in 0.140508 seconds 
========================================================================
Received Import Request.
  Time since last request: 0.000030 seconds.
  path: Assets/Packages/AutoHand/Examples/Mesh/taco.fbx
  artifactKey: Guid(3cc40bba46667ff4f99585487337013c) Importer(815301076,1909f56bfc062723c751e8b465ee728b)
Start importing Assets/Packages/AutoHand/Examples/Mesh/taco.fbx using Guid(3cc40bba46667ff4f99585487337013c) Importer(815301076,1909f56bfc062723c751e8b465ee728b)  -> (artifact id: 'bc865d0a7d5d7c7b4c569fb3e57e50df') in 0.073206 seconds 
========================================================================
Received Import Request.
  Time since last request: 0.000032 seconds.
  path: Assets/Packages/AutoHand/Examples/Mesh/NormalCar1.fbx
  artifactKey: Guid(1ce937b39ea5e614eac6cc1e3a29a564) Importer(815301076,1909f56bfc062723c751e8b465ee728b)
Start importing Assets/Packages/AutoHand/Examples/Mesh/NormalCar1.fbx using Guid(1ce937b39ea5e614eac6cc1e3a29a564) Importer(815301076,1909f56bfc062723c751e8b465ee728b)  -> (artifact id: '6466c783eb955193c88b655bc8545210') in 0.111670 seconds 
========================================================================
Received Import Request.
  Time since last request: 0.000033 seconds.
  path: Assets/Packages/AutoHand/Examples/Mesh/rollingPin.fbx
  artifactKey: Guid(e08c537a5297d5a41a6df0fb383a3d81) Importer(815301076,1909f56bfc062723c751e8b465ee728b)
Start importing Assets/Packages/AutoHand/Examples/Mesh/rollingPin.fbx using Guid(e08c537a5297d5a41a6df0fb383a3d81) Importer(815301076,1909f56bfc062723c751e8b465ee728b)  -> (artifact id: '679bd699afffbd5192141ffc941c57d3') in 0.038761 seconds 
========================================================================
Received Import Request.
  Time since last request: 0.000028 seconds.
  path: Assets/Packages/AutoHand/Examples/Mesh/Lever1.fbx
  artifactKey: Guid(ce4ee5ad8d0414948927c67349bafdd4) Importer(815301076,1909f56bfc062723c751e8b465ee728b)
Start importing Assets/Packages/AutoHand/Examples/Mesh/Lever1.fbx using Guid(ce4ee5ad8d0414948927c67349bafdd4) Importer(815301076,1909f56bfc062723c751e8b465ee728b)  -> (artifact id: '58da2fe49f7fe20a2e6a1e2a6fa3f893') in 0.088489 seconds 
========================================================================
Received Import Request.
  Time since last request: 0.000027 seconds.
  path: Assets/Packages/AutoHand/Examples/Mesh/WoodCubes.fbx
  artifactKey: Guid(8c2d1c53b49e9f443b512b467180a771) Importer(815301076,1909f56bfc062723c751e8b465ee728b)
Start importing Assets/Packages/AutoHand/Examples/Mesh/WoodCubes.fbx using Guid(8c2d1c53b49e9f443b512b467180a771) Importer(815301076,1909f56bfc062723c751e8b465ee728b)  -> (artifact id: '86f97b528a52a6c725094a1dfc9438d3') in 0.091119 seconds 
========================================================================
Received Import Request.
  Time since last request: 0.000039 seconds.
  path: Assets/Packages/AutoHand/Examples/Mesh/sodaBottle.fbx
  artifactKey: Guid(5f083abc966aace48ab9995e86e428f7) Importer(815301076,1909f56bfc062723c751e8b465ee728b)
Start importing Assets/Packages/AutoHand/Examples/Mesh/sodaBottle.fbx using Guid(5f083abc966aace48ab9995e86e428f7) Importer(815301076,1909f56bfc062723c751e8b465ee728b)  -> (artifact id: 'a704f5363ea399ef548327fac10f4bbf') in 0.040893 seconds 
========================================================================
Received Import Request.
  Time since last request: 0.000036 seconds.
  path: Assets/Packages/AutoHand/Examples/Mesh/icosphere.fbx
  artifactKey: Guid(8ee7e7a8152ddfd4a86980aac591181c) Importer(815301076,1909f56bfc062723c751e8b465ee728b)
Start importing Assets/Packages/AutoHand/Examples/Mesh/icosphere.fbx using Guid(8ee7e7a8152ddfd4a86980aac591181c) Importer(815301076,1909f56bfc062723c751e8b465ee728b)  -> (artifact id: '9b1e2d96c8733e2113aafc67d270df1b') in 0.024669 seconds 
========================================================================
Received Import Request.
  Time since last request: 0.000029 seconds.
  path: Assets/Packages/AutoHand/Examples/Mesh/Wedge.fbx
  artifactKey: Guid(e37176e5d20046542adf1872d284029c) Importer(815301076,1909f56bfc062723c751e8b465ee728b)
Start importing Assets/Packages/AutoHand/Examples/Mesh/Wedge.fbx using Guid(e37176e5d20046542adf1872d284029c) Importer(815301076,1909f56bfc062723c751e8b465ee728b)  -> (artifact id: '7e430e1177c6d7e43ef3a9f6987b9b08') in 0.024167 seconds 
========================================================================
Received Import Request.
  Time since last request: 0.000033 seconds.
  path: Assets/Packages/AutoHand/Examples/Mesh/key.fbx
  artifactKey: Guid(b2509f136cb9dfd4bbdea400c2017bf4) Importer(815301076,1909f56bfc062723c751e8b465ee728b)
Start importing Assets/Packages/AutoHand/Examples/Mesh/key.fbx using Guid(b2509f136cb9dfd4bbdea400c2017bf4) Importer(815301076,1909f56bfc062723c751e8b465ee728b)  -> (artifact id: '85e22b614b54990d43b464782b48c694') in 0.037539 seconds 
========================================================================
Received Import Request.
  Time since last request: 0.000037 seconds.
  path: Assets/Packages/AutoHand/Examples/Mesh/SteeringWheel.fbx
  artifactKey: Guid(9c73c56e677cdf9479510b3476d32033) Importer(815301076,1909f56bfc062723c751e8b465ee728b)
Start importing Assets/Packages/AutoHand/Examples/Mesh/SteeringWheel.fbx using Guid(9c73c56e677cdf9479510b3476d32033) Importer(815301076,1909f56bfc062723c751e8b465ee728b)  -> (artifact id: '8f50c59684a05db9e96f659bf06eeb87') in 0.048863 seconds 
========================================================================
Received Import Request.
  Time since last request: 0.000031 seconds.
  path: Assets/Packages/AutoHand/Examples/Mesh/meatTenderizer.fbx
  artifactKey: Guid(5dee120cea365a7429acdc6ad517fcea) Importer(815301076,1909f56bfc062723c751e8b465ee728b)
Start importing Assets/Packages/AutoHand/Examples/Mesh/meatTenderizer.fbx using Guid(5dee120cea365a7429acdc6ad517fcea) Importer(815301076,1909f56bfc062723c751e8b465ee728b)  -> (artifact id: '01f3263dc26ce106d5d60d03eae8891a') in 0.057066 seconds 
========================================================================
Received Import Request.
  Time since last request: 0.000029 seconds.
  path: Assets/Packages/AutoHand/Examples/Mesh/tomatoMesh.fbx
  artifactKey: Guid(56443c43b74715f4d97286c46d4c7fd6) Importer(815301076,1909f56bfc062723c751e8b465ee728b)
Start importing Assets/Packages/AutoHand/Examples/Mesh/tomatoMesh.fbx using Guid(56443c43b74715f4d97286c46d4c7fd6) Importer(815301076,1909f56bfc062723c751e8b465ee728b)  -> (artifact id: 'd0f5c09b6da92f059e3ea724fd382e72') in 0.037789 seconds 
Editor requested this worker to shutdown with reason: Scaling down because of idle timeout
AssetImportWorker is now disconnected from the server
Process exiting
Exiting without the bug reporter. Application will terminate with return code 0