Using pre-set license
Built from '2021.3/staging' branch; Version is '2021.3.2f1 (d6360bedb9a0) revision 14038539'; Using compiler version '192829333'; Build Type 'Release'
OS: 'Windows 10  (10.0.19044) 64bit Professional' Language: 'en' Physical Memory: 16298 MB
BatchMode: 1, IsHumanControllingUs: 0, StartBugReporterOnCrash: 0, Is64bit: 1, IsPro: 1

COMMAND LINE ARGUMENTS:
C:\Program Files\Unity\Hub\Editor\2021.3.2f1\Editor\Unity.exe
-adb2
-batchMode
-noUpm
-name
AssetImportWorker0
-projectPath
C:/Users/Lucas/Documents/GitHub/The-Analogs/The Analogs
-logFile
Logs/AssetImportWorker0.log
-srvPort
57554
Successfully changed project path to: C:/Users/Lucas/Documents/GitHub/The-Analogs/The Analogs
C:/Users/Lucas/Documents/GitHub/The-Analogs/The Analogs
[UnityMemory] Configuration Parameters - Can be set up in boot.config
    "memorysetup-bucket-allocator-granularity=16"
    "memorysetup-bucket-allocator-bucket-count=8"
    "memorysetup-bucket-allocator-block-size=33554432"
    "memorysetup-bucket-allocator-block-count=8"
    "memorysetup-main-allocator-block-size=16777216"
    "memorysetup-thread-allocator-block-size=16777216"
    "memorysetup-gfx-main-allocator-block-size=16777216"
    "memorysetup-gfx-thread-allocator-block-size=16777216"
    "memorysetup-cache-allocator-block-size=4194304"
    "memorysetup-typetree-allocator-block-size=2097152"
    "memorysetup-profiler-bucket-allocator-granularity=16"
    "memorysetup-profiler-bucket-allocator-bucket-count=8"
    "memorysetup-profiler-bucket-allocator-block-size=33554432"
    "memorysetup-profiler-bucket-allocator-block-count=8"
    "memorysetup-profiler-allocator-block-size=16777216"
    "memorysetup-profiler-editor-allocator-block-size=1048576"
    "memorysetup-temp-allocator-size-main=16777216"
    "memorysetup-job-temp-allocator-block-size=2097152"
    "memorysetup-job-temp-allocator-block-size-background=1048576"
    "memorysetup-job-temp-allocator-reduction-small-platforms=262144"
    "memorysetup-temp-allocator-size-background-worker=32768"
    "memorysetup-temp-allocator-size-job-worker=262144"
    "memorysetup-temp-allocator-size-preload-manager=33554432"
    "memorysetup-temp-allocator-size-nav-mesh-worker=65536"
    "memorysetup-temp-allocator-size-audio-worker=65536"
    "memorysetup-temp-allocator-size-cloud-worker=32768"
    "memorysetup-temp-allocator-size-gi-baking-worker=262144"
    "memorysetup-temp-allocator-size-gfx=262144"
Refreshing native plugins compatible for Editor in 129.40 ms, found 8 plugins.
Preloading 0 native plugins for Editor in 0.00 ms.
Initialize engine version: 2021.3.2f1 (d6360bedb9a0)
[Subsystems] Discovering subsystems at path C:/Program Files/Unity/Hub/Editor/2021.3.2f1/Editor/Data/Resources/UnitySubsystems
[Subsystems] Discovering subsystems at path C:/Users/Lucas/Documents/GitHub/The-Analogs/The Analogs/Assets
GfxDevice: creating device client; threaded=0; jobified=0
Direct3D:
    Version:  Direct3D 11.0 [level 11.1]
    Renderer: NVIDIA GeForce GTX 1660 SUPER (ID=0x21c4)
    Vendor:   NVIDIA
    VRAM:     5991 MB
    Driver:   30.0.14.9729
Initialize mono
Mono path[0] = 'C:/Program Files/Unity/Hub/Editor/2021.3.2f1/Editor/Data/Managed'
Mono path[1] = 'C:/Program Files/Unity/Hub/Editor/2021.3.2f1/Editor/Data/MonoBleedingEdge/lib/mono/unityjit-win32'
Mono config path = 'C:/Program Files/Unity/Hub/Editor/2021.3.2f1/Editor/Data/MonoBleedingEdge/etc'
Using monoOptions --debugger-agent=transport=dt_socket,embedding=1,server=y,suspend=n,address=127.0.0.1:56988
Begin MonoManager ReloadAssembly
Registering precompiled unity dll's ...
Register platform support module: C:/Program Files/Unity/Hub/Editor/2021.3.2f1/Editor/Data/PlaybackEngines/AndroidPlayer/UnityEditor.Android.Extensions.dll
Register platform support module: C:/Program Files/Unity/Hub/Editor/2021.3.2f1/Editor/Data/PlaybackEngines/WindowsStandaloneSupport/UnityEditor.WindowsStandalone.Extensions.dll
Registered in 0.009288 seconds.
Native extension for WindowsStandalone target not found
Native extension for Android target not found
Refreshing native plugins compatible for Editor in 123.10 ms, found 8 plugins.
Preloading 0 native plugins for Editor in 0.00 ms.
Mono: successfully reloaded assembly
- Completed reload, in  0.858 seconds
Domain Reload Profiling:
	ReloadAssembly (859ms)
		BeginReloadAssembly (66ms)
			ExecutionOrderSort (0ms)
			DisableScriptedObjects (0ms)
			BackupInstance (0ms)
			ReleaseScriptingObjects (0ms)
			CreateAndSetChildDomain (1ms)
		EndReloadAssembly (688ms)
			LoadAssemblies (64ms)
			RebuildTransferFunctionScriptingTraits (0ms)
			SetupTypeCache (92ms)
			ReleaseScriptCaches (0ms)
			RebuildScriptCaches (23ms)
			SetupLoadedEditorAssemblies (527ms)
				LogAssemblyErrors (0ms)
				InitializePlatformSupportModulesInManaged (49ms)
				SetLoadedEditorAssemblies (0ms)
				RefreshPlugins (123ms)
				BeforeProcessingInitializeOnLoad (1ms)
				ProcessInitializeOnLoadAttributes (78ms)
				ProcessInitializeOnLoadMethodAttributes (275ms)
				AfterProcessingInitializeOnLoad (0ms)
				EditorAssembliesLoaded (0ms)
			ExecutionOrderSort2 (0ms)
			AwakeInstancesAfterBackupRestoration (0ms)
Platform modules already initialized, skipping
Registering precompiled user dll's ...
Registered in 0.012396 seconds.
Begin MonoManager ReloadAssembly
Symbol file LoadedFromMemory doesn't match image C:\Users\Lucas\Documents\GitHub\The-Analogs\The Analogs\Library\PackageCache\com.unity.visualscripting@1.7.6\Editor\VisualScripting.Core\Dependencies\DotNetZip\Unity.VisualScripting.IonicZip.dll
Symbol file LoadedFromMemory doesn't match image C:\Users\Lucas\Documents\GitHub\The-Analogs\The Analogs\Library\PackageCache\com.unity.visualscripting@1.7.6\Editor\VisualScripting.Core\Dependencies\YamlDotNet\Unity.VisualScripting.YamlDotNet.dll
Native extension for WindowsStandalone target not found
Native extension for Android target not found
Refreshing native plugins compatible for Editor in 127.53 ms, found 8 plugins.
Preloading 0 native plugins for Editor in 0.00 ms.
Package Manager log level set to [2]
Mono: successfully reloaded assembly
- Completed reload, in  3.074 seconds
Domain Reload Profiling:
	ReloadAssembly (3075ms)
		BeginReloadAssembly (201ms)
			ExecutionOrderSort (0ms)
			DisableScriptedObjects (5ms)
			BackupInstance (0ms)
			ReleaseScriptingObjects (0ms)
			CreateAndSetChildDomain (120ms)
		EndReloadAssembly (2759ms)
			LoadAssemblies (90ms)
			RebuildTransferFunctionScriptingTraits (0ms)
			SetupTypeCache (286ms)
			ReleaseScriptCaches (1ms)
			RebuildScriptCaches (66ms)
			SetupLoadedEditorAssemblies (2272ms)
				LogAssemblyErrors (0ms)
				InitializePlatformSupportModulesInManaged (12ms)
				SetLoadedEditorAssemblies (0ms)
				RefreshPlugins (128ms)
				BeforeProcessingInitializeOnLoad (128ms)
				ProcessInitializeOnLoadAttributes (1926ms)
				ProcessInitializeOnLoadMethodAttributes (68ms)
				AfterProcessingInitializeOnLoad (9ms)
				EditorAssembliesLoaded (0ms)
			ExecutionOrderSort2 (0ms)
			AwakeInstancesAfterBackupRestoration (4ms)
Platform modules already initialized, skipping
========================================================================
Worker process is ready to serve import requests
Launched and connected shader compiler UnityShaderCompiler.exe after 0.18 seconds
Refreshing native plugins compatible for Editor in 1.53 ms, found 8 plugins.
Preloading 0 native plugins for Editor in 0.00 ms.
Unloading 6725 Unused Serialized files (Serialized files now loaded: 0)
Unloading 78 unused Assets / (2.2 MB). Loaded Objects now: 7161.
Memory consumption went from 268.0 MB to 265.8 MB.
Total: 4.653100 ms (FindLiveObjects: 0.606600 ms CreateObjectMapping: 0.190200 ms MarkObjects: 3.277000 ms  DeleteObjects: 0.578300 ms)

AssetImportParameters requested are different than current active one (requested -> active):
  custom:video-decoder-ogg-theora: a1e56fd34408186e4bbccfd4996cb3dc -> 
  custom:container-muxer-webm: aa71ff27fc2769a1b78a27578f13a17b -> 
  custom:container-demuxer-webm: 4f35f7cbe854078d1ac9338744f61a02 -> 
  custom:video-encoder-webm-vp8: eb34c28f22e8b96e1ab97ce403110664 -> 
  custom:audio-encoder-webm-vorbis: bf7c407c2cedff20999df2af8eb42d56 -> 
  custom:framework-win-MediaFoundation: 216162199b28c13a410421893ffa2e32 -> 
  custom:container-demuxer-ogg: 62fdf1f143b41e24485cea50d1cbac27 -> 
  custom:video-decoder-webm-vp8: 9c59270c3fd7afecdb556c50c9e8de78 -> 
  custom:audio-decoder-ogg-vorbis: bf7c407c2cedff20999df2af8eb42d56 -> 
========================================================================
Received Import Request.
  Time since last request: 376444.562033 seconds.
  path: Assets/UniversalRenderPipelineGlobalSettings.asset
  artifactKey: Guid(18dc0cd2c080841dea60987a38ce93fa) Importer(815301076,1909f56bfc062723c751e8b465ee728b)
Start importing Assets/UniversalRenderPipelineGlobalSettings.asset using Guid(18dc0cd2c080841dea60987a38ce93fa) Importer(815301076,1909f56bfc062723c751e8b465ee728b)  -> (artifact id: '92801cae1a897d946050a0dfa8d20fcb') in 1.718956 seconds 
========================================================================
Received Import Request.
  Time since last request: 272.090943 seconds.
  path: Assets/Scenes
  artifactKey: Guid(ea2d6b4fea8eb3342a37cfd153cd860f) Importer(815301076,1909f56bfc062723c751e8b465ee728b)
Start importing Assets/Scenes using Guid(ea2d6b4fea8eb3342a37cfd153cd860f) Importer(815301076,1909f56bfc062723c751e8b465ee728b)  -> (artifact id: '08b2e1495517eade050cc0856b525551') in 0.006249 seconds 
========================================================================
Received Import Request.
  Time since last request: 1.780675 seconds.
  path: Assets/Scenes/Setup and Testing.unity
  artifactKey: Guid(fde80a22f41cd9543a75b408ba5c331a) Importer(815301076,1909f56bfc062723c751e8b465ee728b)
Start importing Assets/Scenes/Setup and Testing.unity using Guid(fde80a22f41cd9543a75b408ba5c331a) Importer(815301076,1909f56bfc062723c751e8b465ee728b)  -> (artifact id: 'fbe4c998a5c2c2cddbc4557fcc5808a9') in 0.005421 seconds 
========================================================================
Received Import Request.
  Time since last request: 30.304019 seconds.
  path: Assets/Packages/AutoHand/Examples/Mesh/Hand.fbx
  artifactKey: Guid(bd20bf05dfaa93745b0371d65b9a254f) Importer(815301076,1909f56bfc062723c751e8b465ee728b)
Start importing Assets/Packages/AutoHand/Examples/Mesh/Hand.fbx using Guid(bd20bf05dfaa93745b0371d65b9a254f) Importer(815301076,1909f56bfc062723c751e8b465ee728b)  -> (artifact id: '849f0210eb5901d7e2255e3ef04baea2') in 1.918792 seconds 
========================================================================
Received Import Request.
  Time since last request: 0.000038 seconds.
  path: Assets/Packages/AutoHand/Examples/Mesh/SemiSphere.fbx
  artifactKey: Guid(f889576779dd2aa419b90e29465c310b) Importer(815301076,1909f56bfc062723c751e8b465ee728b)
Start importing Assets/Packages/AutoHand/Examples/Mesh/SemiSphere.fbx using Guid(f889576779dd2aa419b90e29465c310b) Importer(815301076,1909f56bfc062723c751e8b465ee728b)  -> (artifact id: '8d1448b3dd5763a541729743388e9f3a') in 0.032618 seconds 
========================================================================
Received Import Request.
  Time since last request: 0.000032 seconds.
  path: Assets/Packages/AutoHand/Examples/Mesh/Table.fbx
  artifactKey: Guid(63090860fea52df4aafeda97244a962d) Importer(815301076,1909f56bfc062723c751e8b465ee728b)
Start importing Assets/Packages/AutoHand/Examples/Mesh/Table.fbx using Guid(63090860fea52df4aafeda97244a962d) Importer(815301076,1909f56bfc062723c751e8b465ee728b)  -> (artifact id: 'ef7eb12020973ec032bc691deaa7be7c') in 0.053587 seconds 
========================================================================
Received Import Request.
  Time since last request: 0.000042 seconds.
  path: Assets/Packages/AutoHand/Examples/Mesh/Robohand.fbx
  artifactKey: Guid(17a48d918cf75e74aa527c89697f3d15) Importer(815301076,1909f56bfc062723c751e8b465ee728b)
Start importing Assets/Packages/AutoHand/Examples/Mesh/Robohand.fbx using Guid(17a48d918cf75e74aa527c89697f3d15) Importer(815301076,1909f56bfc062723c751e8b465ee728b)  -> (artifact id: '48167a8465f78f8f8cb79b9b928737e5') in 0.070105 seconds 
========================================================================
Received Import Request.
  Time since last request: 0.000025 seconds.
  path: Assets/Packages/AutoHand/Examples/Mesh/SportsCar.fbx
  artifactKey: Guid(94e4b94c638bc6b43a940894a03b3364) Importer(815301076,1909f56bfc062723c751e8b465ee728b)
Start importing Assets/Packages/AutoHand/Examples/Mesh/SportsCar.fbx using Guid(94e4b94c638bc6b43a940894a03b3364) Importer(815301076,1909f56bfc062723c751e8b465ee728b)  -> (artifact id: '34d8f0a04a8e0dd635ed434457f06ea6') in 0.126340 seconds 
========================================================================
Received Import Request.
  Time since last request: 0.000036 seconds.
  path: Assets/Packages/AutoHand/Examples/Mesh/pistol.fbx
  artifactKey: Guid(152c449fcbb079049a38e5953ab3376b) Importer(815301076,1909f56bfc062723c751e8b465ee728b)
Start importing Assets/Packages/AutoHand/Examples/Mesh/pistol.fbx using Guid(152c449fcbb079049a38e5953ab3376b) Importer(815301076,1909f56bfc062723c751e8b465ee728b)  -> (artifact id: '51ef3f377f596cfbf5fa11d5885ccd0f') in 0.335950 seconds 
========================================================================
Received Import Request.
  Time since last request: 0.000045 seconds.
  path: Assets/Packages/AutoHand/Examples/Mesh/Slide3.fbx
  artifactKey: Guid(1db2bca27ad6b29408e7fa2e2829815e) Importer(815301076,1909f56bfc062723c751e8b465ee728b)
Start importing Assets/Packages/AutoHand/Examples/Mesh/Slide3.fbx using Guid(1db2bca27ad6b29408e7fa2e2829815e) Importer(815301076,1909f56bfc062723c751e8b465ee728b)  -> (artifact id: 'cec0e3e42006d02eb663a425f9ecbb15') in 0.096735 seconds 
========================================================================
Received Import Request.
  Time since last request: 0.000028 seconds.
  path: Assets/Packages/AutoHand/Examples/Mesh/mushroom.fbx
  artifactKey: Guid(06d5824a27d833741ad3a6bae6c6f345) Importer(815301076,1909f56bfc062723c751e8b465ee728b)
Start importing Assets/Packages/AutoHand/Examples/Mesh/mushroom.fbx using Guid(06d5824a27d833741ad3a6bae6c6f345) Importer(815301076,1909f56bfc062723c751e8b465ee728b)  -> (artifact id: '2f5a25ed8f603aa6cccc2a5f48cb6d3d') in 0.040411 seconds 
========================================================================
Received Import Request.
  Time since last request: 0.000024 seconds.
  path: Assets/Packages/AutoHand/Examples/Mesh/Sword.fbx
  artifactKey: Guid(51132dfa42ee2ff4d8fb168209fda636) Importer(815301076,1909f56bfc062723c751e8b465ee728b)
Start importing Assets/Packages/AutoHand/Examples/Mesh/Sword.fbx using Guid(51132dfa42ee2ff4d8fb168209fda636) Importer(815301076,1909f56bfc062723c751e8b465ee728b)  -> (artifact id: '1bd8ef3c9a3f7d4ced37cbe759eba0bd') in 0.022915 seconds 
========================================================================
Received Import Request.
  Time since last request: 0.000037 seconds.
  path: Assets/Packages/AutoHand/Examples/Mesh/Slide2.fbx
  artifactKey: Guid(d329a28839b5b1f4db8396608fdd6c37) Importer(815301076,1909f56bfc062723c751e8b465ee728b)
Start importing Assets/Packages/AutoHand/Examples/Mesh/Slide2.fbx using Guid(d329a28839b5b1f4db8396608fdd6c37) Importer(815301076,1909f56bfc062723c751e8b465ee728b)  -> (artifact id: 'f7072a562abddeaae857c1b43b61045d') in 0.071032 seconds 
========================================================================
Received Import Request.
  Time since last request: 0.000037 seconds.
  path: Assets/Packages/AutoHand/Examples/Mesh/Table 1.fbx
  artifactKey: Guid(0efbd4c9f25507f4eba14d4e92a2ab29) Importer(815301076,1909f56bfc062723c751e8b465ee728b)
Start importing Assets/Packages/AutoHand/Examples/Mesh/Table 1.fbx using Guid(0efbd4c9f25507f4eba14d4e92a2ab29) Importer(815301076,1909f56bfc062723c751e8b465ee728b)  -> (artifact id: '212d8d6b8637062390b31ff93d17e010') in 0.053513 seconds 
========================================================================
Received Import Request.
  Time since last request: 0.000037 seconds.
  path: Assets/Packages/AutoHand/Examples/Mesh/Table2.fbx
  artifactKey: Guid(55d3e30edd5e12446b458f0c16ff3615) Importer(815301076,1909f56bfc062723c751e8b465ee728b)
Start importing Assets/Packages/AutoHand/Examples/Mesh/Table2.fbx using Guid(55d3e30edd5e12446b458f0c16ff3615) Importer(815301076,1909f56bfc062723c751e8b465ee728b)  -> (artifact id: '916cbdc78f463263cd44a977b7284e8a') in 0.051351 seconds 
========================================================================
Received Import Request.
  Time since last request: 0.000040 seconds.
  path: Assets/Packages/AutoHand/Examples/Mesh/torus.fbx
  artifactKey: Guid(a23819d74902c124390dda7537af03ff) Importer(815301076,1909f56bfc062723c751e8b465ee728b)
Start importing Assets/Packages/AutoHand/Examples/Mesh/torus.fbx using Guid(a23819d74902c124390dda7537af03ff) Importer(815301076,1909f56bfc062723c751e8b465ee728b)  -> (artifact id: '7eff5dadbab0315beedf9140f561c608') in 0.046751 seconds 
========================================================================
Received Import Request.
  Time since last request: 428.149949 seconds.
  path: Assets/Prefabs/Left Hand.prefab
  artifactKey: Guid(5af23bd94e1bdca44b8050e6d4ba98da) Importer(815301076,1909f56bfc062723c751e8b465ee728b)
Start importing Assets/Prefabs/Left Hand.prefab using Guid(5af23bd94e1bdca44b8050e6d4ba98da) Importer(815301076,1909f56bfc062723c751e8b465ee728b)  -> (artifact id: 'cd836d401c608279d54d10cfc959ab0d') in 0.918011 seconds 
========================================================================
Received Import Request.
  Time since last request: 0.000033 seconds.
  path: Assets/Prefabs/Network Player.prefab
  artifactKey: Guid(ba41047e241ac93499d1f2e3e2087524) Importer(815301076,1909f56bfc062723c751e8b465ee728b)
Start importing Assets/Prefabs/Network Player.prefab using Guid(ba41047e241ac93499d1f2e3e2087524) Importer(815301076,1909f56bfc062723c751e8b465ee728b)  -> (artifact id: '49c7a4d04273845c1f16e19cc199ccd4') in 1.040179 seconds 
========================================================================
Received Import Request.
  Time since last request: 0.000039 seconds.
  path: Assets/Prefabs/Models
  artifactKey: Guid(902d15121c003ff419d748e752566096) Importer(815301076,1909f56bfc062723c751e8b465ee728b)
Start importing Assets/Prefabs/Models using Guid(902d15121c003ff419d748e752566096) Importer(815301076,1909f56bfc062723c751e8b465ee728b)  -> (artifact id: '51bdf6b0a0d16cb4014b1b42ad2d9e46') in 0.005366 seconds 
========================================================================
Received Import Request.
  Time since last request: 0.000076 seconds.
  path: Assets/Prefabs/Mech Inside.prefab
  artifactKey: Guid(08e36daf41e442b44b69e8fe27e18974) Importer(815301076,1909f56bfc062723c751e8b465ee728b)
Start importing Assets/Prefabs/Mech Inside.prefab using Guid(08e36daf41e442b44b69e8fe27e18974) Importer(815301076,1909f56bfc062723c751e8b465ee728b)  -> (artifact id: '163814d45399b40ea9902d36da4a68f2') in 0.020984 seconds 
========================================================================
Received Import Request.
  Time since last request: 0.000031 seconds.
  path: Assets/Prefabs/Models/Stairs.fbx
  artifactKey: Guid(51f0444cebb6afa4683b1c03af16d11d) Importer(815301076,1909f56bfc062723c751e8b465ee728b)
Start importing Assets/Prefabs/Models/Stairs.fbx using Guid(51f0444cebb6afa4683b1c03af16d11d) Importer(815301076,1909f56bfc062723c751e8b465ee728b)  -> (artifact id: '43da628925f50d3be55c97bbc31e95d8') in 0.020930 seconds 
========================================================================
Received Import Request.
  Time since last request: 0.000023 seconds.
  path: Assets/Prefabs/Pawn.prefab
  artifactKey: Guid(3c4a6d24dabf04d4a82924e5e8c22110) Importer(815301076,1909f56bfc062723c751e8b465ee728b)
Start importing Assets/Prefabs/Pawn.prefab using Guid(3c4a6d24dabf04d4a82924e5e8c22110) Importer(815301076,1909f56bfc062723c751e8b465ee728b)  -> (artifact id: '250e0d3814f0799fbb01f4c1488e14f8') in 0.033486 seconds 
========================================================================
Received Import Request.
  Time since last request: 0.000029 seconds.
  path: Assets/Prefabs/Stairs.prefab
  artifactKey: Guid(bfb9f5e5d829b14439dd3db45d8286ac) Importer(815301076,1909f56bfc062723c751e8b465ee728b)
Start importing Assets/Prefabs/Stairs.prefab using Guid(bfb9f5e5d829b14439dd3db45d8286ac) Importer(815301076,1909f56bfc062723c751e8b465ee728b)  -> (artifact id: 'aa6028c55e254b071125f77b397acad1') in 0.014347 seconds 
========================================================================
Received Import Request.
  Time since last request: 0.000044 seconds.
  path: Assets/Prefabs/Models/Button.fbx
  artifactKey: Guid(5dc9f04cd6b3fe7459758e3c8c1c8b30) Importer(815301076,1909f56bfc062723c751e8b465ee728b)
Start importing Assets/Prefabs/Models/Button.fbx using Guid(5dc9f04cd6b3fe7459758e3c8c1c8b30) Importer(815301076,1909f56bfc062723c751e8b465ee728b)  -> (artifact id: 'd06643f27e894b1c6dbf6ddee2e736dd') in 0.048468 seconds 
========================================================================
Received Import Request.
  Time since last request: 0.000027 seconds.
  path: Assets/Prefabs/Lever.prefab
  artifactKey: Guid(4ccc88179c44f994da367acb496d1a36) Importer(815301076,1909f56bfc062723c751e8b465ee728b)
Start importing Assets/Prefabs/Lever.prefab using Guid(4ccc88179c44f994da367acb496d1a36) Importer(815301076,1909f56bfc062723c751e8b465ee728b)  -> (artifact id: 'cfaf6a1d3e38eb11ec0cf6f5e4ff22f7') in 0.019211 seconds 
========================================================================
Received Import Request.
  Time since last request: 0.000025 seconds.
  path: Assets/Prefabs/Right Hand.prefab
  artifactKey: Guid(ef24815360aa67c4794ad0ac7f397aaa) Importer(815301076,1909f56bfc062723c751e8b465ee728b)
Start importing Assets/Prefabs/Right Hand.prefab using Guid(ef24815360aa67c4794ad0ac7f397aaa) Importer(815301076,1909f56bfc062723c751e8b465ee728b)  -> (artifact id: '2670be15640f17bf6aae5a8ee94f1fde') in 0.021335 seconds 
========================================================================
Received Import Request.
  Time since last request: 0.000020 seconds.
  path: Assets/Prefabs/Models/Lever.fbx
  artifactKey: Guid(6a146d49f8e10aa47884ada927b35645) Importer(815301076,1909f56bfc062723c751e8b465ee728b)
Start importing Assets/Prefabs/Models/Lever.fbx using Guid(6a146d49f8e10aa47884ada927b35645) Importer(815301076,1909f56bfc062723c751e8b465ee728b)  -> (artifact id: '74bed5fc635ea650f5c869a7d2ad8771') in 0.048901 seconds 
========================================================================
Received Import Request.
  Time since last request: 0.000023 seconds.
  path: Assets/Prefabs/Models/Inner Mech.fbx
  artifactKey: Guid(244568b9a967146459d81ec429c049b0) Importer(815301076,1909f56bfc062723c751e8b465ee728b)
Start importing Assets/Prefabs/Models/Inner Mech.fbx using Guid(244568b9a967146459d81ec429c049b0) Importer(815301076,1909f56bfc062723c751e8b465ee728b)  -> (artifact id: '69a4a2cd3d9f73295327717e81182746') in 0.020942 seconds 
Editor requested this worker to shutdown with reason: Scaling down because of idle timeout
AssetImportWorker is now disconnected from the server
Process exiting
Exiting without the bug reporter. Application will terminate with return code 0