Using pre-set license
Built from '2021.3/staging' branch; Version is '2021.3.2f1 (d6360bedb9a0) revision 14038539'; Using compiler version '192829333'; Build Type 'Release'
OS: 'Windows 10  (10.0.19044) 64bit Professional' Language: 'en' Physical Memory: 16298 MB
BatchMode: 1, IsHumanControllingUs: 0, StartBugReporterOnCrash: 0, Is64bit: 1, IsPro: 1

COMMAND LINE ARGUMENTS:
C:\Program Files\Unity\Hub\Editor\2021.3.2f1\Editor\Unity.exe
-adb2
-batchMode
-noUpm
-name
AssetImportWorker3
-projectPath
C:/Users/Lucas/Documents/GitHub/TheCoreWar/The Core War VR
-logFile
Logs/AssetImportWorker3.log
-srvPort
58986
Successfully changed project path to: C:/Users/Lucas/Documents/GitHub/TheCoreWar/The Core War VR
C:/Users/Lucas/Documents/GitHub/TheCoreWar/The Core War VR
[UnityMemory] Configuration Parameters - Can be set up in boot.config
    "memorysetup-bucket-allocator-granularity=16"
    "memorysetup-bucket-allocator-bucket-count=8"
    "memorysetup-bucket-allocator-block-size=33554432"
    "memorysetup-bucket-allocator-block-count=8"
    "memorysetup-main-allocator-block-size=16777216"
    "memorysetup-thread-allocator-block-size=16777216"
    "memorysetup-gfx-main-allocator-block-size=16777216"
    "memorysetup-gfx-thread-allocator-block-size=16777216"
    "memorysetup-cache-allocator-block-size=4194304"
    "memorysetup-typetree-allocator-block-size=2097152"
    "memorysetup-profiler-bucket-allocator-granularity=16"
    "memorysetup-profiler-bucket-allocator-bucket-count=8"
    "memorysetup-profiler-bucket-allocator-block-size=33554432"
    "memorysetup-profiler-bucket-allocator-block-count=8"
    "memorysetup-profiler-allocator-block-size=16777216"
    "memorysetup-profiler-editor-allocator-block-size=1048576"
    "memorysetup-temp-allocator-size-main=16777216"
    "memorysetup-job-temp-allocator-block-size=2097152"
    "memorysetup-job-temp-allocator-block-size-background=1048576"
    "memorysetup-job-temp-allocator-reduction-small-platforms=262144"
    "memorysetup-temp-allocator-size-background-worker=32768"
    "memorysetup-temp-allocator-size-job-worker=262144"
    "memorysetup-temp-allocator-size-preload-manager=33554432"
    "memorysetup-temp-allocator-size-nav-mesh-worker=65536"
    "memorysetup-temp-allocator-size-audio-worker=65536"
    "memorysetup-temp-allocator-size-cloud-worker=32768"
    "memorysetup-temp-allocator-size-gi-baking-worker=262144"
    "memorysetup-temp-allocator-size-gfx=262144"
Refreshing native plugins compatible for Editor in 136.11 ms, found 8 plugins.
Preloading 0 native plugins for Editor in 0.00 ms.
Initialize engine version: 2021.3.2f1 (d6360bedb9a0)
[Subsystems] Discovering subsystems at path C:/Program Files/Unity/Hub/Editor/2021.3.2f1/Editor/Data/Resources/UnitySubsystems
[Subsystems] Discovering subsystems at path C:/Users/Lucas/Documents/GitHub/TheCoreWar/The Core War VR/Assets
GfxDevice: creating device client; threaded=0; jobified=0
Direct3D:
    Version:  Direct3D 11.0 [level 11.1]
    Renderer: NVIDIA GeForce GTX 1660 SUPER (ID=0x21c4)
    Vendor:   NVIDIA
    VRAM:     5991 MB
    Driver:   30.0.14.9729
Initialize mono
Mono path[0] = 'C:/Program Files/Unity/Hub/Editor/2021.3.2f1/Editor/Data/Managed'
Mono path[1] = 'C:/Program Files/Unity/Hub/Editor/2021.3.2f1/Editor/Data/MonoBleedingEdge/lib/mono/unityjit-win32'
Mono config path = 'C:/Program Files/Unity/Hub/Editor/2021.3.2f1/Editor/Data/MonoBleedingEdge/etc'
Using monoOptions --debugger-agent=transport=dt_socket,embedding=1,server=y,suspend=n,address=127.0.0.1:56696
Begin MonoManager ReloadAssembly
Registering precompiled unity dll's ...
Register platform support module: C:/Program Files/Unity/Hub/Editor/2021.3.2f1/Editor/Data/PlaybackEngines/AndroidPlayer/UnityEditor.Android.Extensions.dll
Register platform support module: C:/Program Files/Unity/Hub/Editor/2021.3.2f1/Editor/Data/PlaybackEngines/WindowsStandaloneSupport/UnityEditor.WindowsStandalone.Extensions.dll
Registered in 0.009035 seconds.
Native extension for WindowsStandalone target not found
Native extension for Android target not found
Refreshing native plugins compatible for Editor in 145.42 ms, found 8 plugins.
Preloading 0 native plugins for Editor in 0.00 ms.
Mono: successfully reloaded assembly
- Completed reload, in  0.701 seconds
Domain Reload Profiling:
	ReloadAssembly (702ms)
		BeginReloadAssembly (72ms)
			ExecutionOrderSort (0ms)
			DisableScriptedObjects (0ms)
			BackupInstance (0ms)
			ReleaseScriptingObjects (0ms)
			CreateAndSetChildDomain (1ms)
		EndReloadAssembly (520ms)
			LoadAssemblies (70ms)
			RebuildTransferFunctionScriptingTraits (0ms)
			SetupTypeCache (108ms)
			ReleaseScriptCaches (0ms)
			RebuildScriptCaches (30ms)
			SetupLoadedEditorAssemblies (328ms)
				LogAssemblyErrors (0ms)
				InitializePlatformSupportModulesInManaged (52ms)
				SetLoadedEditorAssemblies (0ms)
				RefreshPlugins (146ms)
				BeforeProcessingInitializeOnLoad (1ms)
				ProcessInitializeOnLoadAttributes (88ms)
				ProcessInitializeOnLoadMethodAttributes (40ms)
				AfterProcessingInitializeOnLoad (0ms)
				EditorAssembliesLoaded (0ms)
			ExecutionOrderSort2 (0ms)
			AwakeInstancesAfterBackupRestoration (0ms)
Platform modules already initialized, skipping
Registering precompiled user dll's ...
Registered in 0.012554 seconds.
Begin MonoManager ReloadAssembly
Symbol file LoadedFromMemory doesn't match image C:\Users\Lucas\Documents\GitHub\TheCoreWar\The Core War VR\Library\PackageCache\com.unity.visualscripting@1.7.6\Editor\VisualScripting.Core\Dependencies\DotNetZip\Unity.VisualScripting.IonicZip.dll
Symbol file LoadedFromMemory doesn't match image C:\Users\Lucas\Documents\GitHub\TheCoreWar\The Core War VR\Library\PackageCache\com.unity.visualscripting@1.7.6\Editor\VisualScripting.Core\Dependencies\YamlDotNet\Unity.VisualScripting.YamlDotNet.dll
Native extension for WindowsStandalone target not found
Native extension for Android target not found
Refreshing native plugins compatible for Editor in 125.41 ms, found 8 plugins.
Preloading 0 native plugins for Editor in 0.00 ms.
Package Manager log level set to [2]
Mono: successfully reloaded assembly
- Completed reload, in  1.489 seconds
Domain Reload Profiling:
	ReloadAssembly (1490ms)
		BeginReloadAssembly (219ms)
			ExecutionOrderSort (0ms)
			DisableScriptedObjects (5ms)
			BackupInstance (0ms)
			ReleaseScriptingObjects (0ms)
			CreateAndSetChildDomain (128ms)
		EndReloadAssembly (1161ms)
			LoadAssemblies (85ms)
			RebuildTransferFunctionScriptingTraits (0ms)
			SetupTypeCache (263ms)
			ReleaseScriptCaches (1ms)
			RebuildScriptCaches (65ms)
			SetupLoadedEditorAssemblies (708ms)
				LogAssemblyErrors (0ms)
				InitializePlatformSupportModulesInManaged (11ms)
				SetLoadedEditorAssemblies (0ms)
				RefreshPlugins (125ms)
				BeforeProcessingInitializeOnLoad (125ms)
				ProcessInitializeOnLoadAttributes (370ms)
				ProcessInitializeOnLoadMethodAttributes (67ms)
				AfterProcessingInitializeOnLoad (9ms)
				EditorAssembliesLoaded (0ms)
			ExecutionOrderSort2 (0ms)
			AwakeInstancesAfterBackupRestoration (4ms)
Platform modules already initialized, skipping
========================================================================
Worker process is ready to serve import requests
Launched and connected shader compiler UnityShaderCompiler.exe after 0.21 seconds
Refreshing native plugins compatible for Editor in 1.53 ms, found 8 plugins.
Preloading 0 native plugins for Editor in 0.00 ms.
Unloading 6721 Unused Serialized files (Serialized files now loaded: 0)
Unloading 75 unused Assets / (1.8 MB). Loaded Objects now: 7166.
Memory consumption went from 269.0 MB to 267.2 MB.
Total: 4.542600 ms (FindLiveObjects: 0.755300 ms CreateObjectMapping: 0.189900 ms MarkObjects: 3.116200 ms  DeleteObjects: 0.479700 ms)

AssetImportParameters requested are different than current active one (requested -> active):
  custom:video-decoder-ogg-theora: a1e56fd34408186e4bbccfd4996cb3dc -> 
  custom:container-muxer-webm: aa71ff27fc2769a1b78a27578f13a17b -> 
  custom:container-demuxer-webm: 4f35f7cbe854078d1ac9338744f61a02 -> 
  custom:video-encoder-webm-vp8: eb34c28f22e8b96e1ab97ce403110664 -> 
  custom:audio-encoder-webm-vorbis: bf7c407c2cedff20999df2af8eb42d56 -> 
  custom:framework-win-MediaFoundation: 216162199b28c13a410421893ffa2e32 -> 
  custom:container-demuxer-ogg: 62fdf1f143b41e24485cea50d1cbac27 -> 
  custom:video-decoder-webm-vp8: 9c59270c3fd7afecdb556c50c9e8de78 -> 
  custom:audio-decoder-ogg-vorbis: bf7c407c2cedff20999df2af8eb42d56 -> 
========================================================================
Received Import Request.
  Time since last request: 6764.659876 seconds.
  path: Assets/Packages/PolygonPrototype/Models/SM_Generic_Tree_02.fbx
  artifactKey: Guid(92935b06e3780af4482a4cd2346647d7) Importer(815301076,1909f56bfc062723c751e8b465ee728b)
Start importing Assets/Packages/PolygonPrototype/Models/SM_Generic_Tree_02.fbx using Guid(92935b06e3780af4482a4cd2346647d7) Importer(815301076,1909f56bfc062723c751e8b465ee728b)  -> (artifact id: '6026853b6f4a6158e402b54b205434e5') in 0.339249 seconds 
========================================================================
Received Import Request.
  Time since last request: 0.000032 seconds.
  path: Assets/Packages/PolygonPrototype/Models/SM_Generic_Tree_04.fbx
  artifactKey: Guid(bf58a331915d6234280ebcf9e3618d5c) Importer(815301076,1909f56bfc062723c751e8b465ee728b)
Start importing Assets/Packages/PolygonPrototype/Models/SM_Generic_Tree_04.fbx using Guid(bf58a331915d6234280ebcf9e3618d5c) Importer(815301076,1909f56bfc062723c751e8b465ee728b)  -> (artifact id: '6571c5c861d7d1bacd78ef43e364dda9') in 0.019784 seconds 
========================================================================
Received Import Request.
  Time since last request: 0.000029 seconds.
  path: Assets/Packages/PolygonPrototype/Models/SM_Generic_Tree_03.fbx
  artifactKey: Guid(d28751ea4da29b04babd1deb12d3580a) Importer(815301076,1909f56bfc062723c751e8b465ee728b)
Start importing Assets/Packages/PolygonPrototype/Models/SM_Generic_Tree_03.fbx using Guid(d28751ea4da29b04babd1deb12d3580a) Importer(815301076,1909f56bfc062723c751e8b465ee728b)  -> (artifact id: '76561d3811f2504362d5287d576d30ac') in 0.024064 seconds 
========================================================================
Received Import Request.
  Time since last request: 0.000022 seconds.
  path: Assets/Packages/PolygonPrototype/Models/SM_Generic_TreeStump_01.fbx
  artifactKey: Guid(9e28bf54511c86c44aa6f3e23ee44c8f) Importer(815301076,1909f56bfc062723c751e8b465ee728b)
Start importing Assets/Packages/PolygonPrototype/Models/SM_Generic_TreeStump_01.fbx using Guid(9e28bf54511c86c44aa6f3e23ee44c8f) Importer(815301076,1909f56bfc062723c751e8b465ee728b)  -> (artifact id: 'cb00b1cc9978b7ab3de467074076fba1') in 0.022322 seconds 
========================================================================
Received Import Request.
  Time since last request: 6.011624 seconds.
  path: Assets/Packages/PolygonPrototype/Models/SM_Prop_Tree_Pine_01.fbx
  artifactKey: Guid(0a88f0e5fd28c4545ba0312c7833f6e6) Importer(815301076,1909f56bfc062723c751e8b465ee728b)
Start importing Assets/Packages/PolygonPrototype/Models/SM_Prop_Tree_Pine_01.fbx using Guid(0a88f0e5fd28c4545ba0312c7833f6e6) Importer(815301076,1909f56bfc062723c751e8b465ee728b)  -> (artifact id: 'a1760d5b584109b0621e3139b0e29bfc') in 0.054852 seconds 
========================================================================
Received Import Request.
  Time since last request: 0.343523 seconds.
  path: Assets/Packages/PolygonPrototype/Prefabs/Props/SM_Prop_Tree_Round_01.prefab
  artifactKey: Guid(6796c808204bd0d448c1f3bf10a57ad6) Importer(815301076,1909f56bfc062723c751e8b465ee728b)
Start importing Assets/Packages/PolygonPrototype/Prefabs/Props/SM_Prop_Tree_Round_01.prefab using Guid(6796c808204bd0d448c1f3bf10a57ad6) Importer(815301076,1909f56bfc062723c751e8b465ee728b)  -> (artifact id: '237386becc9b993c48a49b39ab8c0973') in 0.416401 seconds 
========================================================================
Received Import Request.
  Time since last request: 58.640357 seconds.
  path: Assets/Packages/AutoHand/Examples/Mesh/Controller.fbx
  artifactKey: Guid(01bda0fe6eb1bee47b0bb7b7eb2a65d8) Importer(815301076,1909f56bfc062723c751e8b465ee728b)
Start importing Assets/Packages/AutoHand/Examples/Mesh/Controller.fbx using Guid(01bda0fe6eb1bee47b0bb7b7eb2a65d8) Importer(815301076,1909f56bfc062723c751e8b465ee728b)  -> (artifact id: '8c28757d5d6e5c123de158f032104ea3') in 0.298182 seconds 
========================================================================
Received Import Request.
  Time since last request: 0.000027 seconds.
  path: Assets/Packages/AutoHand/Examples/Prefabs/Hand (No Controller).prefab
  artifactKey: Guid(ce06f5cc42ac3f64b84722370b7a04d0) Importer(815301076,1909f56bfc062723c751e8b465ee728b)
Start importing Assets/Packages/AutoHand/Examples/Prefabs/Hand (No Controller).prefab using Guid(ce06f5cc42ac3f64b84722370b7a04d0) Importer(815301076,1909f56bfc062723c751e8b465ee728b)  -> (artifact id: '4ce2d851655218c05ecf725c32abb107') in 0.391188 seconds 
========================================================================
Received Import Request.
  Time since last request: 130.189390 seconds.
  path: Assets/Packages/TerrainSampleAssets/Prefabs/Grass_A.prefab
  artifactKey: Guid(4e6885e0d11bd224fa27617a4657c329) Importer(815301076,1909f56bfc062723c751e8b465ee728b)
Start importing Assets/Packages/TerrainSampleAssets/Prefabs/Grass_A.prefab using Guid(4e6885e0d11bd224fa27617a4657c329) Importer(815301076,1909f56bfc062723c751e8b465ee728b)  -> (artifact id: '74856871f763946c473729ddf5243767') in 2.916348 seconds 
========================================================================
Received Import Request.
  Time since last request: 80.988016 seconds.
  path: Assets/Packages/AutoHand/Examples/Mesh/mk-2-grenade/source/Mk2grenade.FBX
  artifactKey: Guid(914e7af7336da4f4a8985ba1500e3ff5) Importer(815301076,1909f56bfc062723c751e8b465ee728b)
Start importing Assets/Packages/AutoHand/Examples/Mesh/mk-2-grenade/source/Mk2grenade.FBX using Guid(914e7af7336da4f4a8985ba1500e3ff5) Importer(815301076,1909f56bfc062723c751e8b465ee728b)  -> (artifact id: 'bc2d2a3caa0920ca3175737a08f53ba7') in 0.157641 seconds 
========================================================================
Received Import Request.
  Time since last request: 109.188819 seconds.
  path: Assets/Packages/TerrainSampleAssets/Prefabs/Heather_A.prefab
  artifactKey: Guid(cce04f533c148314abf74aff71206ec7) Importer(815301076,1909f56bfc062723c751e8b465ee728b)
Start importing Assets/Packages/TerrainSampleAssets/Prefabs/Heather_A.prefab using Guid(cce04f533c148314abf74aff71206ec7) Importer(815301076,1909f56bfc062723c751e8b465ee728b)  -> (artifact id: 'e080767e18e134bda602858a944afe6d') in 0.051315 seconds 
========================================================================
Received Import Request.
  Time since last request: 0.000027 seconds.
  path: Assets/Packages/TerrainSampleAssets/Prefabs/Heather_B.prefab
  artifactKey: Guid(dd902ff2a6f685041be127af00c09664) Importer(815301076,1909f56bfc062723c751e8b465ee728b)
Start importing Assets/Packages/TerrainSampleAssets/Prefabs/Heather_B.prefab using Guid(dd902ff2a6f685041be127af00c09664) Importer(815301076,1909f56bfc062723c751e8b465ee728b)  -> (artifact id: '80abbdd624da096ba3b4994499a08c3d') in 0.040628 seconds 
========================================================================
Received Import Request.
  Time since last request: 0.000029 seconds.
  path: Assets/Packages/AutoHand/Examples/Mesh/hoop.dae
  artifactKey: Guid(b136c4d56a5e9c544bae56a43f78640e) Importer(815301076,1909f56bfc062723c751e8b465ee728b)
Start importing Assets/Packages/AutoHand/Examples/Mesh/hoop.dae using Guid(b136c4d56a5e9c544bae56a43f78640e) Importer(815301076,1909f56bfc062723c751e8b465ee728b)  -> (artifact id: '4f79b05e9cdb8ce9773a2fc3f424c927') in 0.178385 seconds 
========================================================================
Received Import Request.
  Time since last request: 282.697710 seconds.
  path: Assets/Packages/PolygonPrototype/Models/SM_Generic_Cloud_04.fbx
  artifactKey: Guid(4c0f1796ba480b542b88704ada1e9275) Importer(815301076,1909f56bfc062723c751e8b465ee728b)
Start importing Assets/Packages/PolygonPrototype/Models/SM_Generic_Cloud_04.fbx using Guid(4c0f1796ba480b542b88704ada1e9275) Importer(815301076,1909f56bfc062723c751e8b465ee728b)  -> (artifact id: '0b1ee56d73a2a91e55e2d46a601ddf6e') in 0.136514 seconds 
========================================================================
Received Import Request.
  Time since last request: 0.000029 seconds.
  path: Assets/Packages/PolygonPrototype/Models/SM_Generic_Small_Rocks_02.fbx
  artifactKey: Guid(867db21fdfb094f488457f3554b01aa3) Importer(815301076,1909f56bfc062723c751e8b465ee728b)
Start importing Assets/Packages/PolygonPrototype/Models/SM_Generic_Small_Rocks_02.fbx using Guid(867db21fdfb094f488457f3554b01aa3) Importer(815301076,1909f56bfc062723c751e8b465ee728b)  -> (artifact id: 'be1b9a1da1b4f394f24965608938d425') in 0.076729 seconds 
========================================================================
Received Import Request.
  Time since last request: 0.000031 seconds.
  path: Assets/Packages/PolygonPrototype/Prefabs/Generic/SM_Generic_Small_Rocks_01.prefab
  artifactKey: Guid(c77201b26fc729742973d2d4e601743f) Importer(815301076,1909f56bfc062723c751e8b465ee728b)
Start importing Assets/Packages/PolygonPrototype/Prefabs/Generic/SM_Generic_Small_Rocks_01.prefab using Guid(c77201b26fc729742973d2d4e601743f) Importer(815301076,1909f56bfc062723c751e8b465ee728b)  -> (artifact id: 'ef3e97dbcaf80f4202de91c0646543c1') in 0.068953 seconds 
========================================================================
Received Import Request.
  Time since last request: 0.000027 seconds.
  path: Assets/Packages/PolygonPrototype/Models/SM_Generic_Small_Rocks_01.fbx
  artifactKey: Guid(f3726f6b6ec068d4a958b2e3a8c964f1) Importer(815301076,1909f56bfc062723c751e8b465ee728b)
Start importing Assets/Packages/PolygonPrototype/Models/SM_Generic_Small_Rocks_01.fbx using Guid(f3726f6b6ec068d4a958b2e3a8c964f1) Importer(815301076,1909f56bfc062723c751e8b465ee728b)  -> (artifact id: '5a0870fd4637815bdb7736051fb01584') in 0.060802 seconds 
========================================================================
Received Import Request.
  Time since last request: 0.082499 seconds.
  path: Assets/Packages/PolygonPrototype/Models/SM_Generic_Cloud_03.fbx
  artifactKey: Guid(0cc96fbf62514f54e9e628efc7e27da9) Importer(815301076,1909f56bfc062723c751e8b465ee728b)
Start importing Assets/Packages/PolygonPrototype/Models/SM_Generic_Cloud_03.fbx using Guid(0cc96fbf62514f54e9e628efc7e27da9) Importer(815301076,1909f56bfc062723c751e8b465ee728b)  -> (artifact id: '6ca337c16eea07c98e9a5d01b72a4c77') in 0.061433 seconds 
========================================================================
Received Import Request.
  Time since last request: 0.298272 seconds.
  path: Assets/Packages/PolygonPrototype/Prefabs/Generic/SM_Generic_Cloud_02.prefab
  artifactKey: Guid(946ab6c23f91a5648a10f6b06cccea74) Importer(815301076,1909f56bfc062723c751e8b465ee728b)
Start importing Assets/Packages/PolygonPrototype/Prefabs/Generic/SM_Generic_Cloud_02.prefab using Guid(946ab6c23f91a5648a10f6b06cccea74) Importer(815301076,1909f56bfc062723c751e8b465ee728b)  -> (artifact id: '1e7de396aabbdef34c0d6d569ccf70d4') in 0.113394 seconds 
========================================================================
Received Import Request.
  Time since last request: 0.000023 seconds.
  path: Assets/Packages/PolygonPrototype/Prefabs/FX/SM_FX_Glow_Ring_02.prefab
  artifactKey: Guid(3051c727a9e218f4eaff572b5d1e8771) Importer(815301076,1909f56bfc062723c751e8b465ee728b)
Start importing Assets/Packages/PolygonPrototype/Prefabs/FX/SM_FX_Glow_Ring_02.prefab using Guid(3051c727a9e218f4eaff572b5d1e8771) Importer(815301076,1909f56bfc062723c751e8b465ee728b)  -> (artifact id: '19d5e85bd5e6041e8c708c596f5b576e') in 0.147689 seconds 
========================================================================
Received Import Request.
  Time since last request: 0.096455 seconds.
  path: Assets/Packages/PolygonPrototype/Prefabs/FX/SM_FX_Glow_Ring_01.prefab
  artifactKey: Guid(5fb125617629fb64386fdafd5ec4a612) Importer(815301076,1909f56bfc062723c751e8b465ee728b)
Start importing Assets/Packages/PolygonPrototype/Prefabs/FX/SM_FX_Glow_Ring_01.prefab using Guid(5fb125617629fb64386fdafd5ec4a612) Importer(815301076,1909f56bfc062723c751e8b465ee728b)  -> (artifact id: 'ff41cf5842f0ef073ec81e091e0f6479') in 0.090215 seconds 
========================================================================
Received Import Request.
  Time since last request: 0.000027 seconds.
  path: Assets/Packages/PolygonPrototype/Prefabs/Characters/SM_Chr_Attach_Female_Hair_01.prefab
  artifactKey: Guid(46235b94f6e09aa47aafad1efcba738c) Importer(815301076,1909f56bfc062723c751e8b465ee728b)
Start importing Assets/Packages/PolygonPrototype/Prefabs/Characters/SM_Chr_Attach_Female_Hair_01.prefab using Guid(46235b94f6e09aa47aafad1efcba738c) Importer(815301076,1909f56bfc062723c751e8b465ee728b)  -> (artifact id: '9fd15edea4d232bf165a18aceb6a7f68') in 0.088775 seconds 
========================================================================
Received Import Request.
  Time since last request: 0.000033 seconds.
  path: Assets/Packages/PolygonPrototype/Models/SM_Buildings_WindowGlass_01.fbx
  artifactKey: Guid(d3cc5dc9e6f4c644caeb3be6e2776220) Importer(815301076,1909f56bfc062723c751e8b465ee728b)
Start importing Assets/Packages/PolygonPrototype/Models/SM_Buildings_WindowGlass_01.fbx using Guid(d3cc5dc9e6f4c644caeb3be6e2776220) Importer(815301076,1909f56bfc062723c751e8b465ee728b)  -> (artifact id: '547a87e676f46cc55fa700fc53be8297') in 0.033096 seconds 
========================================================================
Received Import Request.
  Time since last request: 0.000044 seconds.
  path: Assets/Packages/PolygonPrototype/Models/SM_Chr_Attach_Female_Hair_01.fbx
  artifactKey: Guid(f6e973e5fcce35e438035a56ca9de88a) Importer(815301076,1909f56bfc062723c751e8b465ee728b)
Start importing Assets/Packages/PolygonPrototype/Models/SM_Chr_Attach_Female_Hair_01.fbx using Guid(f6e973e5fcce35e438035a56ca9de88a) Importer(815301076,1909f56bfc062723c751e8b465ee728b)  -> (artifact id: '0eb6878a4aa8017a868801d92767627f') in 0.051407 seconds 
========================================================================
Received Import Request.
  Time since last request: 1.088817 seconds.
  path: Assets/Packages/PolygonPrototype/Models/SM_Buildings_WindowFrame_01P.fbx
  artifactKey: Guid(b8f81750df03ce146b46dd8525193534) Importer(815301076,1909f56bfc062723c751e8b465ee728b)
Start importing Assets/Packages/PolygonPrototype/Models/SM_Buildings_WindowFrame_01P.fbx using Guid(b8f81750df03ce146b46dd8525193534) Importer(815301076,1909f56bfc062723c751e8b465ee728b)  -> (artifact id: '68a2313ae9cee4f1a1bc53dbca2e97ba') in 0.041046 seconds 
Editor requested this worker to shutdown with reason: Scaling down because of idle timeout
AssetImportWorker is now disconnected from the server
Process exiting
Exiting without the bug reporter. Application will terminate with return code 0